<?xml version="1.0" encoding="UTF-8"?>
<!-- Generated by org.testng.reporters.JUnitXMLReporter -->
<testsuite ignored="0" hostname="LAPTOP-D6EH55C7" failures="0" tests="12" name="Default test" time="712.889" errors="0" timestamp="2024-09-21T20:43:31 IST">
  <testcase classname="testCases.TestCases" name="testRegistration_Login" time="21.211"/>
  <testcase classname="testCases.TestCases" name="testRegistration_Login" time="22.014"/>
  <testcase classname="testCases.TestCases" name="testRegistration_Login" time="20.884"/>
  <testcase classname="testCases.TestCases" name="TestCase02" time="5.828"/>
  <testcase classname="testCases.TestCases" name="TestCase02" time="5.319"/>
  <testcase classname="testCases.TestCases" name="TestCase02" time="5.822"/>
  <testcase classname="testCases.TestCases" name="TestCase03" time="86.781"/>
  <testcase classname="testCases.TestCases" name="TestCase03" time="82.092"/>
  <testcase classname="testCases.TestCases" name="TestCase03" time="85.772"/>
  <testcase classname="testCases.TestCases" name="TestCase04" time="105.976"/>
  <testcase classname="testCases.TestCases" name="TestCase04" time="106.625"/>
  <testcase classname="testCases.TestCases" name="TestCase04" time="106.898"/>
</testsuite> <!-- Default test -->
