<?xml version="1.0" encoding="UTF-8"?>
<!-- Generated by org.testng.reporters.JUnitXMLReporter -->
<testsuite ignored="0" hostname="LAPTOP-D6EH55C7" failures="0" tests="6" name="Default test" time="18.398" errors="0" timestamp="2024-07-14T16:44:35 IST">
  <testcase classname="testCases.TestCases" name="testRegistration_Login" time="0.046"/>
  <testcase classname="testCases.TestCases" name="testRegistration_Login" time="0.002"/>
  <testcase classname="testCases.TestCases" name="testRegistration_Login" time="0.002"/>
  <testcase classname="testCases.TestCases" name="TestCase02" time="0.004"/>
  <testcase classname="testCases.TestCases" name="TestCase02" time="0.003"/>
  <testcase classname="testCases.TestCases" name="TestCase02" time="0.001"/>
</testsuite> <!-- Default test -->
