<?xml version="1.0" encoding="UTF-8"?>
<!-- Generated by org.testng.reporters.JUnitXMLReporter -->
<testsuite ignored="0" hostname="LAPTOP-D6EH55C7" failures="0" tests="3" name="Test" time="72.21" errors="0" timestamp="2023-12-09T17:53:11 IST">
  <testcase classname="testCases.RegisterTest" name="testRegistration_Login" time="20.082"/>
  <testcase classname="testCases.RegisterTest" name="testRegistration_Login" time="20.295"/>
  <testcase classname="testCases.RegisterTest" name="testRegistration_Login" time="19.721"/>
</testsuite> <!-- Test -->
